# Logfile created on 2014-02-27 06:24:43 -0600 by logger.rb/41954
I, [2014-02-27T06:24:43.921882 #68340]  INFO -- : 0:  rake (10.1.1) from /Users/ebert/.rvm/gems/ruby-2.0.0-p353@drink_app/specifications/rake-10.1.1.gemspec
I, [2014-02-27T06:24:44.694978 #68340]  INFO -- : 0:  i18n (0.6.9) from /Users/ebert/.rvm/gems/ruby-2.0.0-p353@drink_app/specifications/i18n-0.6.9.gemspec
I, [2014-02-27T06:24:45.382632 #68340]  INFO -- : 0:  minitest (4.7.5) from /Users/ebert/.rvm/gems/ruby-2.0.0-p353@drink_app/specifications/minitest-4.7.5.gemspec
I, [2014-02-27T06:24:46.360351 #68340]  INFO -- : 0:  multi_json (1.8.4) from /Users/ebert/.rvm/gems/ruby-2.0.0-p353@drink_app/specifications/multi_json-1.8.4.gemspec
I, [2014-02-27T06:24:47.908019 #68340]  INFO -- : 0:  atomic (1.1.14) from /Users/ebert/.rvm/gems/ruby-2.0.0-p353@drink_app/specifications/atomic-1.1.14.gemspec
I, [2014-02-27T06:24:48.727868 #68340]  INFO -- : 0:  thread_safe (0.1.3) from /Users/ebert/.rvm/gems/ruby-2.0.0-p353@drink_app/specifications/thread_safe-0.1.3.gemspec
I, [2014-02-27T06:24:50.535066 #68340]  INFO -- : 0:  tzinfo (0.3.38) from /Users/ebert/.rvm/gems/ruby-2.0.0-p353@drink_app/specifications/tzinfo-0.3.38.gemspec
I, [2014-02-27T06:24:52.135188 #68340]  INFO -- : 0:  activesupport (4.0.2) from /Users/ebert/.rvm/gems/ruby-2.0.0-p353@drink_app/specifications/activesupport-4.0.2.gemspec
I, [2014-02-27T06:24:52.805125 #68340]  INFO -- : 0:  builder (3.1.4) from /Users/ebert/.rvm/gems/ruby-2.0.0-p353@drink_app/specifications/builder-3.1.4.gemspec
I, [2014-02-27T06:24:53.734329 #68340]  INFO -- : 0:  erubis (2.7.0) from /Users/ebert/.rvm/gems/ruby-2.0.0-p353@drink_app/specifications/erubis-2.7.0.gemspec
I, [2014-02-27T06:24:55.301827 #68340]  INFO -- : 0:  rack (1.5.2) from /Users/ebert/.rvm/gems/ruby-2.0.0-p353@drink_app/specifications/rack-1.5.2.gemspec
I, [2014-02-27T06:24:55.873537 #68340]  INFO -- : 0:  rack-test (0.6.2) from /Users/ebert/.rvm/gems/ruby-2.0.0-p353@drink_app/specifications/rack-test-0.6.2.gemspec
I, [2014-02-27T06:24:57.533102 #68340]  INFO -- : 0:  actionpack (4.0.2) from /Users/ebert/.rvm/gems/ruby-2.0.0-p353@drink_app/specifications/actionpack-4.0.2.gemspec
I, [2014-02-27T06:24:58.698789 #68340]  INFO -- : 0:  mime-types (1.25.1) from /Users/ebert/.rvm/gems/ruby-2.0.0-p353@drink_app/specifications/mime-types-1.25.1.gemspec
I, [2014-02-27T06:24:59.272202 #68340]  INFO -- : 0:  polyglot (0.3.3) from /Users/ebert/.rvm/gems/ruby-2.0.0-p353@drink_app/specifications/polyglot-0.3.3.gemspec
I, [2014-02-27T06:25:00.428736 #68340]  INFO -- : 0:  treetop (1.4.15) from /Users/ebert/.rvm/gems/ruby-2.0.0-p353@drink_app/specifications/treetop-1.4.15.gemspec
I, [2014-02-27T06:25:02.191833 #68340]  INFO -- : 0:  mail (2.5.4) from /Users/ebert/.rvm/gems/ruby-2.0.0-p353@drink_app/specifications/mail-2.5.4.gemspec
I, [2014-02-27T06:25:03.186667 #68340]  INFO -- : 0:  actionmailer (4.0.2) from /Users/ebert/.rvm/gems/ruby-2.0.0-p353@drink_app/specifications/actionmailer-4.0.2.gemspec
I, [2014-02-27T06:25:04.261557 #68340]  INFO -- : 0:  activemodel (4.0.2) from /Users/ebert/.rvm/gems/ruby-2.0.0-p353@drink_app/specifications/activemodel-4.0.2.gemspec
I, [2014-02-27T06:25:04.816198 #68340]  INFO -- : 0:  activerecord-deprecated_finders (1.0.3) from /Users/ebert/.rvm/gems/ruby-2.0.0-p353@drink_app/specifications/activerecord-deprecated_finders-1.0.3.gemspec
I, [2014-02-27T06:25:05.873053 #68340]  INFO -- : 0:  arel (4.0.2) from /Users/ebert/.rvm/gems/ruby-2.0.0-p353@drink_app/specifications/arel-4.0.2.gemspec
I, [2014-02-27T06:25:07.467848 #68340]  INFO -- : 0:  activerecord (4.0.2) from /Users/ebert/.rvm/gems/ruby-2.0.0-p353@drink_app/specifications/activerecord-4.0.2.gemspec
I, [2014-02-27T06:25:08.472255 #68340]  INFO -- : 0:  coffee-script-source (1.7.0) from /Users/ebert/.rvm/gems/ruby-2.0.0-p353@drink_app/specifications/coffee-script-source-1.7.0.gemspec
I, [2014-02-27T06:25:09.366557 #68340]  INFO -- : 0:  execjs (2.0.2) from /Users/ebert/.rvm/gems/ruby-2.0.0-p353@drink_app/specifications/execjs-2.0.2.gemspec
I, [2014-02-27T06:25:09.897160 #68340]  INFO -- : 0:  coffee-script (2.2.0) from /Users/ebert/.rvm/gems/ruby-2.0.0-p353@drink_app/specifications/coffee-script-2.2.0.gemspec
I, [2014-02-27T06:25:11.077940 #68340]  INFO -- : 0:  thor (0.18.1) from /Users/ebert/.rvm/gems/ruby-2.0.0-p353@drink_app/specifications/thor-0.18.1.gemspec
I, [2014-02-27T06:25:12.352510 #68340]  INFO -- : 0:  railties (4.0.2) from /Users/ebert/.rvm/gems/ruby-2.0.0-p353@drink_app/specifications/railties-4.0.2.gemspec
I, [2014-02-27T06:25:12.891452 #68340]  INFO -- : 0:  coffee-rails (4.0.1) from /Users/ebert/.rvm/gems/ruby-2.0.0-p353@drink_app/specifications/coffee-rails-4.0.1.gemspec
I, [2014-02-27T06:25:13.464159 #68340]  INFO -- : 0:  columnize (0.3.6) from /Users/ebert/.rvm/gems/ruby-2.0.0-p353@drink_app/specifications/columnize-0.3.6.gemspec
I, [2014-02-27T06:25:14.388266 #68340]  INFO -- : 0:  debugger-linecache (1.2.0) from /Users/ebert/.rvm/gems/ruby-2.0.0-p353@drink_app/specifications/debugger-linecache-1.2.0.gemspec
I, [2014-02-27T06:25:16.902822 #68340]  INFO -- : 0:  debugger-ruby_core_source (1.3.1) from /Users/ebert/.rvm/gems/ruby-2.0.0-p353@drink_app/specifications/debugger-ruby_core_source-1.3.1.gemspec
I, [2014-02-27T06:25:19.872774 #68340]  INFO -- : 0:  debugger (1.6.5) from /Users/ebert/.rvm/gems/ruby-2.0.0-p353@drink_app/specifications/debugger-1.6.5.gemspec
I, [2014-02-27T06:25:20.876991 #68340]  INFO -- : 0:  hike (1.2.3) from /Users/ebert/.rvm/gems/ruby-2.0.0-p353@drink_app/specifications/hike-1.2.3.gemspec
I, [2014-02-27T06:25:21.451552 #68340]  INFO -- : 0:  jbuilder (1.5.3) from /Users/ebert/.rvm/gems/ruby-2.0.0-p353@drink_app/specifications/jbuilder-1.5.3.gemspec
I, [2014-02-27T06:25:22.836338 #68340]  INFO -- : 0:  jquery-rails (3.1.0) from /Users/ebert/.rvm/gems/ruby-2.0.0-p353@drink_app/specifications/jquery-rails-3.1.0.gemspec
I, [2014-02-27T06:25:24.969516 #68340]  INFO -- : 0:  json (1.8.1) from /Users/ebert/.rvm/gems/ruby-2.0.0-p353@drink_app/specifications/json-1.8.1.gemspec
I, [2014-02-27T06:25:26.083082 #68340]  INFO -- : 0:  protected_attributes (1.0.5) from /Users/ebert/.rvm/gems/ruby-2.0.0-p353@drink_app/specifications/protected_attributes-1.0.5.gemspec
I, [2014-02-27T06:25:26.083396 #68340]  INFO -- : 0:  bundler (1.5.1) from /Users/ebert/.rvm/gems/ruby-2.0.0-p353@global/specifications/bundler-1.5.1.gemspec
I, [2014-02-27T06:25:27.299226 #68340]  INFO -- : 0:  tilt (1.4.1) from /Users/ebert/.rvm/gems/ruby-2.0.0-p353@drink_app/specifications/tilt-1.4.1.gemspec
I, [2014-02-27T06:25:28.437399 #68340]  INFO -- : 0:  sprockets (2.10.1) from /Users/ebert/.rvm/gems/ruby-2.0.0-p353@drink_app/specifications/sprockets-2.10.1.gemspec
I, [2014-02-27T06:25:29.737010 #68340]  INFO -- : 0:  sprockets-rails (2.0.1) from /Users/ebert/.rvm/gems/ruby-2.0.0-p353@drink_app/specifications/sprockets-rails-2.0.1.gemspec
I, [2014-02-27T06:25:31.862464 #68340]  INFO -- : 0:  rails (4.0.2) from /Users/ebert/.rvm/gems/ruby-2.0.0-p353@drink_app/specifications/rails-4.0.2.gemspec
I, [2014-02-27T06:25:33.735453 #68340]  INFO -- : 0:  rdoc (4.1.1) from /Users/ebert/.rvm/gems/ruby-2.0.0-p353@drink_app/specifications/rdoc-4.1.1.gemspec
I, [2014-02-27T06:25:35.429514 #68340]  INFO -- : 0:  sass (3.2.14) from /Users/ebert/.rvm/gems/ruby-2.0.0-p353@drink_app/specifications/sass-3.2.14.gemspec
I, [2014-02-27T06:25:36.859402 #68340]  INFO -- : 0:  sass-rails (4.0.1) from /Users/ebert/.rvm/gems/ruby-2.0.0-p353@drink_app/specifications/sass-rails-4.0.1.gemspec
I, [2014-02-27T06:25:38.354515 #68340]  INFO -- : 0:  sdoc (0.4.0) from /Users/ebert/.rvm/gems/ruby-2.0.0-p353@drink_app/specifications/sdoc-0.4.0.gemspec
I, [2014-02-27T06:25:40.931334 #68340]  INFO -- : 0:  sqlite3 (1.3.8) from /Users/ebert/.rvm/gems/ruby-2.0.0-p353@drink_app/specifications/sqlite3-1.3.8.gemspec
I, [2014-02-27T06:25:42.825993 #68340]  INFO -- : 0:  turbolinks (2.2.1) from /Users/ebert/.rvm/gems/ruby-2.0.0-p353@drink_app/specifications/turbolinks-2.2.1.gemspec
I, [2014-02-27T06:25:44.028726 #68340]  INFO -- : 0:  uglifier (2.4.0) from /Users/ebert/.rvm/gems/ruby-2.0.0-p353@drink_app/specifications/uglifier-2.4.0.gemspec
I, [2014-02-27T07:04:44.767276 #70177]  INFO -- : 0:  rake (10.1.1) from /Users/ebert/.rvm/gems/ruby-2.0.0-p353@drink_app/specifications/rake-10.1.1.gemspec
I, [2014-02-27T07:04:44.767670 #70177]  INFO -- : 0:  i18n (0.6.9) from /Users/ebert/.rvm/gems/ruby-2.0.0-p353@drink_app/specifications/i18n-0.6.9.gemspec
I, [2014-02-27T07:04:44.767943 #70177]  INFO -- : 0:  minitest (4.7.5) from /Users/ebert/.rvm/gems/ruby-2.0.0-p353@drink_app/specifications/minitest-4.7.5.gemspec
I, [2014-02-27T07:04:44.768199 #70177]  INFO -- : 0:  multi_json (1.8.4) from /Users/ebert/.rvm/gems/ruby-2.0.0-p353@drink_app/specifications/multi_json-1.8.4.gemspec
I, [2014-02-27T07:04:44.768440 #70177]  INFO -- : 0:  atomic (1.1.14) from /Users/ebert/.rvm/gems/ruby-2.0.0-p353@drink_app/specifications/atomic-1.1.14.gemspec
I, [2014-02-27T07:04:44.768672 #70177]  INFO -- : 0:  thread_safe (0.1.3) from /Users/ebert/.rvm/gems/ruby-2.0.0-p353@drink_app/specifications/thread_safe-0.1.3.gemspec
I, [2014-02-27T07:04:44.768897 #70177]  INFO -- : 0:  tzinfo (0.3.38) from /Users/ebert/.rvm/gems/ruby-2.0.0-p353@drink_app/specifications/tzinfo-0.3.38.gemspec
I, [2014-02-27T07:04:44.769126 #70177]  INFO -- : 0:  activesupport (4.0.2) from /Users/ebert/.rvm/gems/ruby-2.0.0-p353@drink_app/specifications/activesupport-4.0.2.gemspec
I, [2014-02-27T07:04:44.769354 #70177]  INFO -- : 0:  builder (3.1.4) from /Users/ebert/.rvm/gems/ruby-2.0.0-p353@drink_app/specifications/builder-3.1.4.gemspec
I, [2014-02-27T07:04:44.769578 #70177]  INFO -- : 0:  erubis (2.7.0) from /Users/ebert/.rvm/gems/ruby-2.0.0-p353@drink_app/specifications/erubis-2.7.0.gemspec
I, [2014-02-27T07:04:44.769808 #70177]  INFO -- : 0:  rack (1.5.2) from /Users/ebert/.rvm/gems/ruby-2.0.0-p353@drink_app/specifications/rack-1.5.2.gemspec
I, [2014-02-27T07:04:44.770034 #70177]  INFO -- : 0:  rack-test (0.6.2) from /Users/ebert/.rvm/gems/ruby-2.0.0-p353@drink_app/specifications/rack-test-0.6.2.gemspec
I, [2014-02-27T07:04:44.770260 #70177]  INFO -- : 0:  actionpack (4.0.2) from /Users/ebert/.rvm/gems/ruby-2.0.0-p353@drink_app/specifications/actionpack-4.0.2.gemspec
I, [2014-02-27T07:04:44.770484 #70177]  INFO -- : 0:  mime-types (1.25.1) from /Users/ebert/.rvm/gems/ruby-2.0.0-p353@drink_app/specifications/mime-types-1.25.1.gemspec
I, [2014-02-27T07:04:44.770709 #70177]  INFO -- : 0:  polyglot (0.3.3) from /Users/ebert/.rvm/gems/ruby-2.0.0-p353@drink_app/specifications/polyglot-0.3.3.gemspec
I, [2014-02-27T07:04:44.770945 #70177]  INFO -- : 0:  treetop (1.4.15) from /Users/ebert/.rvm/gems/ruby-2.0.0-p353@drink_app/specifications/treetop-1.4.15.gemspec
I, [2014-02-27T07:04:44.771168 #70177]  INFO -- : 0:  mail (2.5.4) from /Users/ebert/.rvm/gems/ruby-2.0.0-p353@drink_app/specifications/mail-2.5.4.gemspec
I, [2014-02-27T07:04:44.771392 #70177]  INFO -- : 0:  actionmailer (4.0.2) from /Users/ebert/.rvm/gems/ruby-2.0.0-p353@drink_app/specifications/actionmailer-4.0.2.gemspec
I, [2014-02-27T07:04:44.771619 #70177]  INFO -- : 0:  activemodel (4.0.2) from /Users/ebert/.rvm/gems/ruby-2.0.0-p353@drink_app/specifications/activemodel-4.0.2.gemspec
I, [2014-02-27T07:04:44.771845 #70177]  INFO -- : 0:  activerecord-deprecated_finders (1.0.3) from /Users/ebert/.rvm/gems/ruby-2.0.0-p353@drink_app/specifications/activerecord-deprecated_finders-1.0.3.gemspec
I, [2014-02-27T07:04:44.772067 #70177]  INFO -- : 0:  arel (4.0.2) from /Users/ebert/.rvm/gems/ruby-2.0.0-p353@drink_app/specifications/arel-4.0.2.gemspec
I, [2014-02-27T07:04:44.772292 #70177]  INFO -- : 0:  activerecord (4.0.2) from /Users/ebert/.rvm/gems/ruby-2.0.0-p353@drink_app/specifications/activerecord-4.0.2.gemspec
I, [2014-02-27T07:04:44.772508 #70177]  INFO -- : 0:  bundler (1.5.1) from /Users/ebert/.rvm/gems/ruby-2.0.0-p353@global/specifications/bundler-1.5.1.gemspec
I, [2014-02-27T07:04:44.772733 #70177]  INFO -- : 0:  coffee-script-source (1.7.0) from /Users/ebert/.rvm/gems/ruby-2.0.0-p353@drink_app/specifications/coffee-script-source-1.7.0.gemspec
I, [2014-02-27T07:04:44.772955 #70177]  INFO -- : 0:  execjs (2.0.2) from /Users/ebert/.rvm/gems/ruby-2.0.0-p353@drink_app/specifications/execjs-2.0.2.gemspec
I, [2014-02-27T07:04:44.773199 #70177]  INFO -- : 0:  coffee-script (2.2.0) from /Users/ebert/.rvm/gems/ruby-2.0.0-p353@drink_app/specifications/coffee-script-2.2.0.gemspec
I, [2014-02-27T07:04:44.773421 #70177]  INFO -- : 0:  thor (0.18.1) from /Users/ebert/.rvm/gems/ruby-2.0.0-p353@drink_app/specifications/thor-0.18.1.gemspec
I, [2014-02-27T07:04:44.773642 #70177]  INFO -- : 0:  railties (4.0.2) from /Users/ebert/.rvm/gems/ruby-2.0.0-p353@drink_app/specifications/railties-4.0.2.gemspec
I, [2014-02-27T07:04:44.773878 #70177]  INFO -- : 0:  coffee-rails (4.0.1) from /Users/ebert/.rvm/gems/ruby-2.0.0-p353@drink_app/specifications/coffee-rails-4.0.1.gemspec
I, [2014-02-27T07:04:44.774105 #70177]  INFO -- : 0:  columnize (0.3.6) from /Users/ebert/.rvm/gems/ruby-2.0.0-p353@drink_app/specifications/columnize-0.3.6.gemspec
I, [2014-02-27T07:04:44.774334 #70177]  INFO -- : 0:  debugger-linecache (1.2.0) from /Users/ebert/.rvm/gems/ruby-2.0.0-p353@drink_app/specifications/debugger-linecache-1.2.0.gemspec
I, [2014-02-27T07:04:44.774564 #70177]  INFO -- : 0:  debugger-ruby_core_source (1.3.1) from /Users/ebert/.rvm/gems/ruby-2.0.0-p353@drink_app/specifications/debugger-ruby_core_source-1.3.1.gemspec
I, [2014-02-27T07:04:44.774790 #70177]  INFO -- : 0:  debugger (1.6.5) from /Users/ebert/.rvm/gems/ruby-2.0.0-p353@drink_app/specifications/debugger-1.6.5.gemspec
I, [2014-02-27T07:04:45.859462 #70177]  INFO -- : 0:  diff-lcs (1.2.5) from /Users/ebert/.rvm/gems/ruby-2.0.0-p353@drink_app/specifications/diff-lcs-1.2.5.gemspec
I, [2014-02-27T07:04:45.859808 #70177]  INFO -- : 0:  hike (1.2.3) from /Users/ebert/.rvm/gems/ruby-2.0.0-p353@drink_app/specifications/hike-1.2.3.gemspec
I, [2014-02-27T07:04:45.860044 #70177]  INFO -- : 0:  jbuilder (1.5.3) from /Users/ebert/.rvm/gems/ruby-2.0.0-p353@drink_app/specifications/jbuilder-1.5.3.gemspec
I, [2014-02-27T07:04:45.860278 #70177]  INFO -- : 0:  jquery-rails (3.1.0) from /Users/ebert/.rvm/gems/ruby-2.0.0-p353@drink_app/specifications/jquery-rails-3.1.0.gemspec
I, [2014-02-27T07:04:45.860507 #70177]  INFO -- : 0:  json (1.8.1) from /Users/ebert/.rvm/gems/ruby-2.0.0-p353@drink_app/specifications/json-1.8.1.gemspec
I, [2014-02-27T07:04:45.860737 #70177]  INFO -- : 0:  protected_attributes (1.0.5) from /Users/ebert/.rvm/gems/ruby-2.0.0-p353@drink_app/specifications/protected_attributes-1.0.5.gemspec
I, [2014-02-27T07:04:45.860961 #70177]  INFO -- : 0:  tilt (1.4.1) from /Users/ebert/.rvm/gems/ruby-2.0.0-p353@drink_app/specifications/tilt-1.4.1.gemspec
I, [2014-02-27T07:04:45.861186 #70177]  INFO -- : 0:  sprockets (2.10.1) from /Users/ebert/.rvm/gems/ruby-2.0.0-p353@drink_app/specifications/sprockets-2.10.1.gemspec
I, [2014-02-27T07:04:45.861410 #70177]  INFO -- : 0:  sprockets-rails (2.0.1) from /Users/ebert/.rvm/gems/ruby-2.0.0-p353@drink_app/specifications/sprockets-rails-2.0.1.gemspec
I, [2014-02-27T07:04:45.861637 #70177]  INFO -- : 0:  rails (4.0.2) from /Users/ebert/.rvm/gems/ruby-2.0.0-p353@drink_app/specifications/rails-4.0.2.gemspec
I, [2014-02-27T07:04:45.861868 #70177]  INFO -- : 0:  rdoc (4.1.1) from /Users/ebert/.rvm/gems/ruby-2.0.0-p353@drink_app/specifications/rdoc-4.1.1.gemspec
I, [2014-02-27T07:04:46.710985 #70177]  INFO -- : 0:  rspec-core (2.14.7) from /Users/ebert/.rvm/gems/ruby-2.0.0-p353@drink_app/specifications/rspec-core-2.14.7.gemspec
I, [2014-02-27T07:04:47.955317 #70177]  INFO -- : 0:  rspec-expectations (2.14.5) from /Users/ebert/.rvm/gems/ruby-2.0.0-p353@drink_app/specifications/rspec-expectations-2.14.5.gemspec
I, [2014-02-27T07:04:48.785025 #70177]  INFO -- : 0:  rspec-mocks (2.14.6) from /Users/ebert/.rvm/gems/ruby-2.0.0-p353@drink_app/specifications/rspec-mocks-2.14.6.gemspec
I, [2014-02-27T07:04:50.096667 #70177]  INFO -- : 0:  rspec-rails (2.14.1) from /Users/ebert/.rvm/gems/ruby-2.0.0-p353@drink_app/specifications/rspec-rails-2.14.1.gemspec
I, [2014-02-27T07:04:50.097021 #70177]  INFO -- : 0:  sass (3.2.14) from /Users/ebert/.rvm/gems/ruby-2.0.0-p353@drink_app/specifications/sass-3.2.14.gemspec
I, [2014-02-27T07:04:50.097260 #70177]  INFO -- : 0:  sass-rails (4.0.1) from /Users/ebert/.rvm/gems/ruby-2.0.0-p353@drink_app/specifications/sass-rails-4.0.1.gemspec
I, [2014-02-27T07:04:50.097508 #70177]  INFO -- : 0:  sdoc (0.4.0) from /Users/ebert/.rvm/gems/ruby-2.0.0-p353@drink_app/specifications/sdoc-0.4.0.gemspec
I, [2014-02-27T07:04:50.097742 #70177]  INFO -- : 0:  sqlite3 (1.3.8) from /Users/ebert/.rvm/gems/ruby-2.0.0-p353@drink_app/specifications/sqlite3-1.3.8.gemspec
I, [2014-02-27T07:04:50.097973 #70177]  INFO -- : 0:  turbolinks (2.2.1) from /Users/ebert/.rvm/gems/ruby-2.0.0-p353@drink_app/specifications/turbolinks-2.2.1.gemspec
I, [2014-02-27T07:04:50.098199 #70177]  INFO -- : 0:  uglifier (2.4.0) from /Users/ebert/.rvm/gems/ruby-2.0.0-p353@drink_app/specifications/uglifier-2.4.0.gemspec
I, [2014-03-03T18:03:11.522918 #26681]  INFO -- : 0:  rake (10.1.1) from /Users/ebert/.rvm/gems/ruby-2.0.0-p353@drink_app/specifications/rake-10.1.1.gemspec
I, [2014-03-03T18:03:11.526558 #26681]  INFO -- : 0:  i18n (0.6.9) from /Users/ebert/.rvm/gems/ruby-2.0.0-p353@drink_app/specifications/i18n-0.6.9.gemspec
I, [2014-03-03T18:03:11.526824 #26681]  INFO -- : 0:  minitest (4.7.5) from /Users/ebert/.rvm/gems/ruby-2.0.0-p353@drink_app/specifications/minitest-4.7.5.gemspec
I, [2014-03-03T18:03:11.527079 #26681]  INFO -- : 0:  multi_json (1.8.4) from /Users/ebert/.rvm/gems/ruby-2.0.0-p353@drink_app/specifications/multi_json-1.8.4.gemspec
I, [2014-03-03T18:03:11.527319 #26681]  INFO -- : 0:  atomic (1.1.14) from /Users/ebert/.rvm/gems/ruby-2.0.0-p353@drink_app/specifications/atomic-1.1.14.gemspec
I, [2014-03-03T18:03:11.527552 #26681]  INFO -- : 0:  thread_safe (0.1.3) from /Users/ebert/.rvm/gems/ruby-2.0.0-p353@drink_app/specifications/thread_safe-0.1.3.gemspec
I, [2014-03-03T18:03:11.527812 #26681]  INFO -- : 0:  tzinfo (0.3.38) from /Users/ebert/.rvm/gems/ruby-2.0.0-p353@drink_app/specifications/tzinfo-0.3.38.gemspec
I, [2014-03-03T18:03:11.528044 #26681]  INFO -- : 0:  activesupport (4.0.2) from /Users/ebert/.rvm/gems/ruby-2.0.0-p353@drink_app/specifications/activesupport-4.0.2.gemspec
I, [2014-03-03T18:03:11.528274 #26681]  INFO -- : 0:  builder (3.1.4) from /Users/ebert/.rvm/gems/ruby-2.0.0-p353@drink_app/specifications/builder-3.1.4.gemspec
I, [2014-03-03T18:03:11.528494 #26681]  INFO -- : 0:  erubis (2.7.0) from /Users/ebert/.rvm/gems/ruby-2.0.0-p353@drink_app/specifications/erubis-2.7.0.gemspec
I, [2014-03-03T18:03:11.528715 #26681]  INFO -- : 0:  rack (1.5.2) from /Users/ebert/.rvm/gems/ruby-2.0.0-p353@drink_app/specifications/rack-1.5.2.gemspec
I, [2014-03-03T18:03:11.528934 #26681]  INFO -- : 0:  rack-test (0.6.2) from /Users/ebert/.rvm/gems/ruby-2.0.0-p353@drink_app/specifications/rack-test-0.6.2.gemspec
I, [2014-03-03T18:03:11.529157 #26681]  INFO -- : 0:  actionpack (4.0.2) from /Users/ebert/.rvm/gems/ruby-2.0.0-p353@drink_app/specifications/actionpack-4.0.2.gemspec
I, [2014-03-03T18:03:11.529385 #26681]  INFO -- : 0:  mime-types (1.25.1) from /Users/ebert/.rvm/gems/ruby-2.0.0-p353@drink_app/specifications/mime-types-1.25.1.gemspec
I, [2014-03-03T18:03:11.529610 #26681]  INFO -- : 0:  polyglot (0.3.3) from /Users/ebert/.rvm/gems/ruby-2.0.0-p353@drink_app/specifications/polyglot-0.3.3.gemspec
I, [2014-03-03T18:03:11.529832 #26681]  INFO -- : 0:  treetop (1.4.15) from /Users/ebert/.rvm/gems/ruby-2.0.0-p353@drink_app/specifications/treetop-1.4.15.gemspec
I, [2014-03-03T18:03:11.530055 #26681]  INFO -- : 0:  mail (2.5.4) from /Users/ebert/.rvm/gems/ruby-2.0.0-p353@drink_app/specifications/mail-2.5.4.gemspec
I, [2014-03-03T18:03:11.530281 #26681]  INFO -- : 0:  actionmailer (4.0.2) from /Users/ebert/.rvm/gems/ruby-2.0.0-p353@drink_app/specifications/actionmailer-4.0.2.gemspec
I, [2014-03-03T18:03:11.530503 #26681]  INFO -- : 0:  activemodel (4.0.2) from /Users/ebert/.rvm/gems/ruby-2.0.0-p353@drink_app/specifications/activemodel-4.0.2.gemspec
I, [2014-03-03T18:03:11.530722 #26681]  INFO -- : 0:  activerecord-deprecated_finders (1.0.3) from /Users/ebert/.rvm/gems/ruby-2.0.0-p353@drink_app/specifications/activerecord-deprecated_finders-1.0.3.gemspec
I, [2014-03-03T18:03:11.530957 #26681]  INFO -- : 0:  arel (4.0.2) from /Users/ebert/.rvm/gems/ruby-2.0.0-p353@drink_app/specifications/arel-4.0.2.gemspec
I, [2014-03-03T18:03:11.531179 #26681]  INFO -- : 0:  activerecord (4.0.2) from /Users/ebert/.rvm/gems/ruby-2.0.0-p353@drink_app/specifications/activerecord-4.0.2.gemspec
I, [2014-03-03T18:03:11.531403 #26681]  INFO -- : 0:  coffee-script-source (1.7.0) from /Users/ebert/.rvm/gems/ruby-2.0.0-p353@drink_app/specifications/coffee-script-source-1.7.0.gemspec
I, [2014-03-03T18:03:11.531629 #26681]  INFO -- : 0:  execjs (2.0.2) from /Users/ebert/.rvm/gems/ruby-2.0.0-p353@drink_app/specifications/execjs-2.0.2.gemspec
I, [2014-03-03T18:03:11.531849 #26681]  INFO -- : 0:  coffee-script (2.2.0) from /Users/ebert/.rvm/gems/ruby-2.0.0-p353@drink_app/specifications/coffee-script-2.2.0.gemspec
I, [2014-03-03T18:03:11.532070 #26681]  INFO -- : 0:  thor (0.18.1) from /Users/ebert/.rvm/gems/ruby-2.0.0-p353@drink_app/specifications/thor-0.18.1.gemspec
I, [2014-03-03T18:03:11.532291 #26681]  INFO -- : 0:  railties (4.0.2) from /Users/ebert/.rvm/gems/ruby-2.0.0-p353@drink_app/specifications/railties-4.0.2.gemspec
I, [2014-03-03T18:03:11.532511 #26681]  INFO -- : 0:  coffee-rails (4.0.1) from /Users/ebert/.rvm/gems/ruby-2.0.0-p353@drink_app/specifications/coffee-rails-4.0.1.gemspec
I, [2014-03-03T18:03:11.532726 #26681]  INFO -- : 0:  columnize (0.3.6) from /Users/ebert/.rvm/gems/ruby-2.0.0-p353@drink_app/specifications/columnize-0.3.6.gemspec
I, [2014-03-03T18:03:11.532948 #26681]  INFO -- : 0:  debugger-linecache (1.2.0) from /Users/ebert/.rvm/gems/ruby-2.0.0-p353@drink_app/specifications/debugger-linecache-1.2.0.gemspec
I, [2014-03-03T18:03:11.533167 #26681]  INFO -- : 0:  debugger-ruby_core_source (1.3.1) from /Users/ebert/.rvm/gems/ruby-2.0.0-p353@drink_app/specifications/debugger-ruby_core_source-1.3.1.gemspec
I, [2014-03-03T18:03:11.533381 #26681]  INFO -- : 0:  debugger (1.6.5) from /Users/ebert/.rvm/gems/ruby-2.0.0-p353@drink_app/specifications/debugger-1.6.5.gemspec
I, [2014-03-03T18:03:11.533600 #26681]  INFO -- : 0:  diff-lcs (1.2.5) from /Users/ebert/.rvm/gems/ruby-2.0.0-p353@drink_app/specifications/diff-lcs-1.2.5.gemspec
I, [2014-03-03T18:03:11.533814 #26681]  INFO -- : 0:  hike (1.2.3) from /Users/ebert/.rvm/gems/ruby-2.0.0-p353@drink_app/specifications/hike-1.2.3.gemspec
I, [2014-03-03T18:03:11.534035 #26681]  INFO -- : 0:  jbuilder (1.5.3) from /Users/ebert/.rvm/gems/ruby-2.0.0-p353@drink_app/specifications/jbuilder-1.5.3.gemspec
I, [2014-03-03T18:03:11.534263 #26681]  INFO -- : 0:  jquery-rails (3.1.0) from /Users/ebert/.rvm/gems/ruby-2.0.0-p353@drink_app/specifications/jquery-rails-3.1.0.gemspec
I, [2014-03-03T18:03:11.534486 #26681]  INFO -- : 0:  json (1.8.1) from /Users/ebert/.rvm/gems/ruby-2.0.0-p353@drink_app/specifications/json-1.8.1.gemspec
I, [2014-03-03T18:03:11.534704 #26681]  INFO -- : 0:  protected_attributes (1.0.5) from /Users/ebert/.rvm/gems/ruby-2.0.0-p353@drink_app/specifications/protected_attributes-1.0.5.gemspec
I, [2014-03-03T18:03:11.534910 #26681]  INFO -- : 0:  bundler (1.5.1) from /Users/ebert/.rvm/gems/ruby-2.0.0-p353@global/specifications/bundler-1.5.1.gemspec
I, [2014-03-03T18:03:11.535126 #26681]  INFO -- : 0:  tilt (1.4.1) from /Users/ebert/.rvm/gems/ruby-2.0.0-p353@drink_app/specifications/tilt-1.4.1.gemspec
I, [2014-03-03T18:03:11.535347 #26681]  INFO -- : 0:  sprockets (2.10.1) from /Users/ebert/.rvm/gems/ruby-2.0.0-p353@drink_app/specifications/sprockets-2.10.1.gemspec
I, [2014-03-03T18:03:11.535577 #26681]  INFO -- : 0:  sprockets-rails (2.0.1) from /Users/ebert/.rvm/gems/ruby-2.0.0-p353@drink_app/specifications/sprockets-rails-2.0.1.gemspec
I, [2014-03-03T18:03:11.535809 #26681]  INFO -- : 0:  rails (4.0.2) from /Users/ebert/.rvm/gems/ruby-2.0.0-p353@drink_app/specifications/rails-4.0.2.gemspec
I, [2014-03-03T18:03:11.536038 #26681]  INFO -- : 0:  rdoc (4.1.1) from /Users/ebert/.rvm/gems/ruby-2.0.0-p353@drink_app/specifications/rdoc-4.1.1.gemspec
I, [2014-03-03T18:03:11.684021 #26681]  INFO -- : 0:  rspec-core (2.14.7) from /Users/ebert/.rvm/gems/ruby-2.0.0-p353@drink_app/specifications/rspec-core-2.14.7.gemspec
I, [2014-03-03T18:03:11.684434 #26681]  INFO -- : 0:  rspec-expectations (2.14.5) from /Users/ebert/.rvm/gems/ruby-2.0.0-p353@drink_app/specifications/rspec-expectations-2.14.5.gemspec
I, [2014-03-03T18:03:11.684701 #26681]  INFO -- : 0:  rspec-mocks (2.14.6) from /Users/ebert/.rvm/gems/ruby-2.0.0-p353@drink_app/specifications/rspec-mocks-2.14.6.gemspec
I, [2014-03-03T18:03:11.684955 #26681]  INFO -- : 0:  rspec-rails (2.14.1) from /Users/ebert/.rvm/gems/ruby-2.0.0-p353@drink_app/specifications/rspec-rails-2.14.1.gemspec
I, [2014-03-03T18:03:11.685200 #26681]  INFO -- : 0:  sass (3.2.14) from /Users/ebert/.rvm/gems/ruby-2.0.0-p353@drink_app/specifications/sass-3.2.14.gemspec
I, [2014-03-03T18:03:11.685436 #26681]  INFO -- : 0:  sass-rails (4.0.1) from /Users/ebert/.rvm/gems/ruby-2.0.0-p353@drink_app/specifications/sass-rails-4.0.1.gemspec
I, [2014-03-03T18:03:11.685664 #26681]  INFO -- : 0:  sdoc (0.4.0) from /Users/ebert/.rvm/gems/ruby-2.0.0-p353@drink_app/specifications/sdoc-0.4.0.gemspec
I, [2014-03-03T18:03:11.685899 #26681]  INFO -- : 0:  sqlite3 (1.3.8) from /Users/ebert/.rvm/gems/ruby-2.0.0-p353@drink_app/specifications/sqlite3-1.3.8.gemspec
I, [2014-03-03T18:03:11.686127 #26681]  INFO -- : 0:  turbolinks (2.2.1) from /Users/ebert/.rvm/gems/ruby-2.0.0-p353@drink_app/specifications/turbolinks-2.2.1.gemspec
I, [2014-03-03T18:03:11.686350 #26681]  INFO -- : 0:  uglifier (2.4.0) from /Users/ebert/.rvm/gems/ruby-2.0.0-p353@drink_app/specifications/uglifier-2.4.0.gemspec
